2026-06-25 22:38:29,772 | INFO | Industrial Monitor Started
2026-06-25 22:38:29,773 | INFO | Factory Loaded
2026-06-25 22:40:32,948 | INFO | Industrial Monitor Started
2026-06-25 22:40:32,948 | INFO | Factory Loaded
2026-06-25 22:40:32,949 | INFO | Program Finished
2026-06-25 22:45:48,704 | INFO | Industrial Monitor Started
2026-06-25 22:45:48,706 | INFO | Factory Loaded
2026-06-25 22:45:48,707 | INFO | Program Finished
2026-06-25 22:57:20,362 | INFO | Industrial Monitor Started
2026-06-25 22:57:20,367 | INFO | Factory Loaded
2026-06-25 22:57:20,368 | INFO | Program Finished
2026-06-29 22:01:17,546 | INFO | Industrial Monitor Starting
2026-06-29 22:01:17,555 | INFO | Factory Loaded
2026-06-29 22:01:17,556 | INFO | Program Finished
2026-06-29 22:01:50,302 | INFO | Industrial Monitor Starting
2026-06-29 22:01:50,302 | INFO | Factory Loaded
2026-06-29 22:01:50,303 | INFO | Program Finished
2026-06-29 22:03:20,744 | INFO | Industrial Monitor Starting
2026-06-29 22:03:20,744 | INFO | Factory Loaded
2026-06-29 22:03:20,745 | INFO | Program Finished
2026-06-29 22:03:20,745 | INFO | Industrial Monitor Closed
2026-06-29 22:04:02,129 | INFO | Industrial Monitor Starting
2026-06-29 22:04:02,130 | INFO | Factory Loaded
2026-06-29 22:04:02,130 | INFO | Program Finished
2026-06-29 22:04:02,131 | INFO | Industrial Monitor Closed
2026-06-29 22:04:43,097 | INFO | Industrial Monitor Starting
2026-06-29 22:04:43,097 | INFO | Factory Loaded
2026-06-29 22:04:43,098 | INFO | Program Finished
2026-06-29 22:04:43,098 | INFO | Industrial Monitor Closed
2026-06-29 22:05:32,133 | INFO | Industrial Monitor Starting
2026-06-29 22:05:32,133 | INFO | Factory Loaded
2026-06-29 22:05:32,134 | INFO | Program Finished
2026-06-29 22:05:32,134 | INFO | Industrial Monitor Closed
2026-06-29 22:06:12,931 | INFO | Industrial Monitor Starting
2026-06-29 22:06:12,932 | INFO | Factory Loaded
2026-06-29 22:06:12,932 | INFO | Program Finished
2026-06-29 22:06:12,933 | INFO | Industrial Monitor Closed
2026-06-29 22:07:45,772 | INFO | Industrial Monitor Starting
2026-06-29 22:07:45,772 | INFO | Factory Loaded
2026-06-29 22:07:45,773 | INFO | Program Finished
2026-06-29 22:07:45,773 | INFO | Industrial Monitor Closed
2026-06-29 22:08:56,354 | INFO | Industrial Monitor Starting
2026-06-29 22:08:56,354 | INFO | Factory Loaded
2026-06-29 22:08:56,355 | INFO | Program Finished
2026-06-29 22:08:56,355 | INFO | Industrial Monitor Closed
2026-06-29 22:11:14,822 | INFO | Industrial Monitor Starting
2026-06-29 22:11:14,830 | INFO | Factory Loaded
2026-06-29 22:11:14,830 | INFO | Program Finished
2026-06-29 22:11:14,830 | INFO | Industrial Monitor Closed
2026-06-29 22:11:28,022 | INFO | Industrial Monitor Starting
2026-06-29 22:11:28,022 | INFO | Factory Loaded
2026-06-29 22:11:28,023 | INFO | Program Finished
2026-06-29 22:11:28,023 | INFO | Industrial Monitor Closed
2026-06-29 22:12:55,895 | INFO | Industrial Monitor Starting
2026-06-29 22:12:55,896 | INFO | Factory Loaded
2026-06-29 22:12:55,897 | INFO | Program Finished
2026-06-29 22:12:55,897 | INFO | Industrial Monitor Closed
2026-06-29 22:13:24,203 | INFO | Industrial Monitor Starting
2026-06-29 22:13:24,204 | INFO | Factory Loaded
2026-06-29 22:13:24,204 | INFO | Program Finished
2026-06-29 22:13:24,204 | INFO | Test
2026-06-29 22:13:24,205 | INFO | Industrial Monitor Closed
2026-06-29 22:13:51,675 | INFO | Industrial Monitor Starting
2026-06-29 22:13:51,675 | INFO | Factory Loaded
2026-06-29 22:13:51,676 | INFO | Program Finished
2026-06-29 22:13:51,676 | INFO | Test
2026-06-29 22:13:51,676 | INFO | Industrial Monitor Closed
2026-06-29 22:14:15,256 | INFO | Industrial Monitor Starting
2026-06-29 22:14:15,257 | INFO | Factory Loaded
2026-06-29 22:14:15,257 | INFO | Program Finished
2026-06-29 22:14:15,257 | INFO | Test
2026-06-29 22:14:15,257 | INFO | Industrial Monitor Closed
2026-06-29 22:16:00,832 | INFO | Industrial Monitor Starting
2026-06-29 22:16:00,832 | INFO | Factory Loaded
2026-06-29 22:16:00,833 | INFO | Program Finished
2026-06-29 22:16:00,833 | INFO | Test
2026-06-29 22:16:00,833 | INFO | Industrial Monitor Closed
2026-06-29 22:19:46,337 | INFO | Industrial Monitor Starting
2026-06-29 22:19:46,338 | INFO | Factory Loaded
2026-06-29 22:19:46,339 | INFO | Program Finished
2026-06-29 22:19:46,339 | INFO | Industrial Monitor Closed
2026-06-29 22:37:34,825 | INFO | Industrial Monitor Starting
2026-06-29 22:37:34,825 | INFO | Factory Loaded
2026-06-29 22:37:34,826 | INFO | Program Finished
2026-06-29 22:38:10,588 | INFO | Industrial Monitor Starting
2026-06-29 22:38:10,588 | INFO | Factory Loaded
2026-06-29 22:38:10,589 | INFO | Program Finished
2026-06-29 22:38:24,985 | INFO | Industrial Monitor Starting
2026-06-29 22:38:24,986 | INFO | Factory Loaded
2026-06-29 22:38:24,986 | INFO | Program Finished
2026-06-29 22:38:24,987 | INFO | Industrial Monitor Closed
2026-06-29 22:38:55,961 | INFO | Industrial Monitor Starting
2026-06-29 22:38:55,961 | INFO | Factory Loaded
2026-06-29 22:38:55,962 | INFO | Program Finished
2026-06-29 22:38:55,962 | INFO | Industrial Monitor Closed
2026-06-29 22:47:08,303 | INFO | Industrial Monitor Starting
2026-06-29 22:47:08,304 | INFO | Factory Loaded
2026-06-29 22:47:08,304 | INFO | Program Finished
2026-06-29 22:47:08,305 | INFO | Industrial Monitor Closed
2026-06-29 22:51:21,935 | INFO | Industrial Monitor Starting
2026-06-29 22:51:21,935 | INFO | Factory Loaded
2026-06-29 22:51:21,936 | INFO | Program Finished
2026-06-29 22:51:51,541 | INFO | Industrial Monitor Starting
2026-06-29 22:51:51,541 | INFO | Factory Loaded
2026-06-29 22:51:51,542 | INFO | Program Finished
2026-06-29 22:53:34,341 | INFO | Industrial Monitor Starting
2026-06-29 22:53:34,341 | INFO | Factory Loaded
2026-06-29 22:53:34,342 | INFO | Program Finished
2026-06-29 22:54:08,603 | INFO | Industrial Monitor Starting
2026-06-29 22:54:08,603 | INFO | Factory Loaded
2026-06-29 22:54:08,604 | INFO | Program Finished
2026-06-29 22:54:08,604 | INFO | Industrial Monitor Closed
2026-06-29 22:56:30,406 | INFO | Industrial Monitor Starting
2026-06-29 22:56:30,406 | INFO | Factory Loaded
2026-06-29 22:56:30,407 | INFO | Program Finished
2026-06-29 22:56:30,408 | INFO | Created folder: reports1
2026-06-29 22:56:30,408 | INFO | Industrial Monitor Closed
2026-06-29 22:59:25,397 | INFO | Industrial Monitor Starting
2026-06-29 22:59:25,398 | INFO | Factory Loaded
2026-06-29 22:59:25,399 | INFO | Program Finished
2026-06-29 22:59:25,399 | INFO | Industrial Monitor Closed
2026-06-30 21:31:47,241 | INFO | Industrial Monitor Starting
2026-06-30 21:31:47,241 | INFO | Factory Loaded
2026-06-30 21:31:47,243 | INFO | Program Finished
2026-06-30 21:31:47,243 | INFO | Industrial Monitor Closed
2026-06-30 21:39:39,017 | INFO | Industrial Monitor Starting
2026-06-30 21:39:39,018 | INFO | Factory Loaded
2026-06-30 21:39:39,018 | INFO | Program Finished
2026-06-30 21:39:39,019 | INFO | Industrial Monitor Closed
2026-06-30 21:40:28,226 | INFO | Industrial Monitor Starting
2026-06-30 21:40:28,226 | INFO | Factory Loaded
2026-06-30 21:40:28,227 | INFO | Program Finished
2026-06-30 21:40:28,227 | INFO | Industrial Monitor Closed
2026-06-30 21:50:27,465 | INFO | Industrial Monitor Starting
2026-06-30 21:50:27,472 | INFO | Factory Loaded
2026-06-30 21:50:27,472 | INFO | Industrial Monitor Started
2026-06-30 21:50:27,473 | INFO | Program Finished
2026-06-30 21:50:27,473 | INFO | Industrial Monitor Closed
2026-06-30 21:53:01,650 | INFO | Industrial Monitor Starting
2026-06-30 21:53:01,651 | INFO | Factory Loaded
2026-06-30 21:53:01,652 | INFO | Program Finished
2026-06-30 21:53:01,652 | INFO | Generating CSV report...
2026-06-30 21:53:01,652 | INFO | Generating KPI summary...
2026-06-30 21:53:01,652 | INFO | Industrial Monitor Closed
2026-06-30 23:11:32,288 | INFO | Industrial Monitor Starting
2026-06-30 23:11:32,288 | INFO | Factory Loaded
2026-06-30 23:11:32,289 | INFO | Program Finished
2026-06-30 23:11:32,289 | INFO | Generating CSV report...
2026-06-30 23:11:32,290 | INFO | Generating KPI summary...
2026-06-30 23:11:32,290 | INFO | Industrial Monitor Closed
2026-06-30 23:13:18,962 | INFO | Industrial Monitor Starting
2026-06-30 23:13:18,963 | INFO | Factory Loaded
2026-06-30 23:13:18,963 | INFO | Program Finished
2026-06-30 23:13:18,964 | INFO | Generating CSV report...
2026-06-30 23:13:18,964 | INFO | Generating KPI summary...
2026-06-30 23:13:18,965 | INFO | Industrial Monitor Closed
2026-06-30 23:37:25,485 | INFO | Industrial Monitor Starting
2026-06-30 23:37:25,485 | INFO | Factory Loaded
2026-06-30 23:37:25,486 | INFO | Program Finished
2026-06-30 23:37:25,486 | INFO | Generating CSV report...
2026-06-30 23:37:25,486 | INFO | Generating KPI summary...
2026-06-30 23:37:25,487 | INFO | Industrial Monitor Closed
